<?xml version="1.0" encoding="UTF-8"?>
<!-- Generated by org.testng.reporters.JUnitXMLReporter -->
<testsuite hostname="LSIPL07" ignored="0" name="Default test" tests="3" failures="0" timestamp="16 Jul 2019 07:34:01 GMT" time="20.511" errors="0">
  <testcase name="loginintotheApplication" time="2.497" classname="com.spade.tescases.LoginTest"/>
  <testcase name="verify_Homepageurl" time="0.002" classname="com.spade.tescases.LoginTest"/>
  <testcase name="verify_homepagetitle" time="0.002" classname="com.spade.tescases.LoginTest"/>
</testsuite> <!-- Default test -->
