<?xml version="1.0" encoding="UTF-8"?>
<testng-results skipped="0" failed="0" ignored="0" total="4" passed="4">
  <reporter-output>
  </reporter-output>
  <suite name="Default suite" duration-ms="34155" started-at="2019-07-30T10:14:35Z" finished-at="2019-07-30T10:15:09Z">
    <groups>
    </groups>
    <test name="Default test" duration-ms="34155" started-at="2019-07-30T10:14:35Z" finished-at="2019-07-30T10:15:09Z">
      <class name="com.spade.tescases.LoginTest">
        <test-method status="PASS" signature="loginintotheApplication()[pri:1, instance:com.spade.tescases.LoginTest@224edc67]" name="loginintotheApplication" duration-ms="10025" started-at="2019-07-30T10:14:35Z" finished-at="2019-07-30T10:14:45Z">
          <reporter-output>
          </reporter-output>
        </test-method> <!-- loginintotheApplication -->
        <test-method status="PASS" signature="verify_homepagetitle()[pri:2, instance:com.spade.tescases.LoginTest@224edc67]" name="verify_homepagetitle" duration-ms="31" started-at="2019-07-30T10:14:45Z" finished-at="2019-07-30T10:14:45Z">
          <reporter-output>
          </reporter-output>
        </test-method> <!-- verify_homepagetitle -->
        <test-method status="PASS" signature="verify_Homepageurl()[pri:3, instance:com.spade.tescases.LoginTest@224edc67]" name="verify_Homepageurl" duration-ms="2038" started-at="2019-07-30T10:14:45Z" finished-at="2019-07-30T10:14:47Z">
          <reporter-output>
          </reporter-output>
        </test-method> <!-- verify_Homepageurl -->
        <test-method status="PASS" signature="verify_registration()[pri:4, instance:com.spade.tescases.LoginTest@224edc67]" name="verify_registration" duration-ms="22023" started-at="2019-07-30T10:14:47Z" finished-at="2019-07-30T10:15:09Z">
          <reporter-output>
          </reporter-output>
        </test-method> <!-- verify_registration -->
      </class> <!-- com.spade.tescases.LoginTest -->
    </test> <!-- Default test -->
  </suite> <!-- Default suite -->
</testng-results>
