<?xml version="1.0" encoding="UTF-8"?>
<testng-results skipped="0" failed="0" ignored="4" total="5" passed="1">
  <reporter-output>
  </reporter-output>
  <suite name="Default suite" duration-ms="12869" started-at="2019-08-08T09:35:37Z" finished-at="2019-08-08T09:35:50Z">
    <groups>
    </groups>
    <test name="Default test" duration-ms="12869" started-at="2019-08-08T09:35:37Z" finished-at="2019-08-08T09:35:50Z">
      <class name="com.spade.tescases.LoginTest">
        <test-method status="PASS" signature="Readandwritefile()[pri:4, instance:com.spade.tescases.LoginTest@1bce4f0a]" name="Readandwritefile" duration-ms="12838" started-at="2019-08-08T09:35:37Z" finished-at="2019-08-08T09:35:50Z">
          <reporter-output>
          </reporter-output>
        </test-method> <!-- Readandwritefile -->
      </class> <!-- com.spade.tescases.LoginTest -->
    </test> <!-- Default test -->
  </suite> <!-- Default suite -->
</testng-results>
